Build started 2017-02-12 22:35:46.
     1>Project "C:\Users\User\Documents\GitHub\LSystem\LSystem\LSystem\LSystem.vcxproj" on node 2 (Build target(s)).
     1>ClCompile:
         C:\Program Files (x86)\Microsoft Visual Studio 12.0\VC\bin\CL.exe /c /I"C:\Users\User\Documents\GitHub\SFML-2.4.2\include" /ZI /nologo /W3 /WX- /sdl /Od /Oy- /D WIN32 /D _DEBUG /D _CONSOLE /D _LIB /D _UNICODE /D UNICODE /Gm /EHsc /RTC1 /MDd /GS /fp:precise /Zc:wchar_t /Zc:forScope /Fo"Debug\\" /Fd"Debug\vc120.pdb" /Gd /TP /analyze- /errorReport:prompt Renderer.cpp main.cpp
         main.cpp
     1>c:\users\user\documents\github\lsystem\lsystem\lsystem\lsystem.h(40): warning C4018: '<' : signed/unsigned mismatch
                 c:\users\user\documents\github\lsystem\lsystem\lsystem\lsystem.h(34) : while compiling class template member function 'void LSystem<Element,Sequence>::iterate(int)'
                 with
                 [
                     Element=char
         ,            Sequence=std::string
                 ]
                 c:\users\user\documents\github\lsystem\lsystem\lsystem\turtle.h(40) : see reference to function template instantiation 'void LSystem<Element,Sequence>::iterate(int)' being compiled
                 with
                 [
                     Element=char
         ,            Sequence=std::string
                 ]
                 c:\users\user\documents\github\lsystem\lsystem\lsystem\turtle.h(30) : while compiling class template member function 'Turtle<char,std::string>::Turtle(Examples)'
                 c:\users\user\documents\github\lsystem\lsystem\lsystem\main.cpp(10) : see reference to function template instantiation 'Turtle<char,std::string>::Turtle(Examples)' being compiled
                 c:\users\user\documents\github\lsystem\lsystem\lsystem\main.cpp(10) : see reference to class template instantiation 'Turtle<char,std::string>' being compiled
     1>c:\users\user\documents\github\lsystem\lsystem\lsystem\lsystem.h(43): warning C4018: '<' : signed/unsigned mismatch
         Renderer.cpp
         Generating Code...
       Link:
         C:\Program Files (x86)\Microsoft Visual Studio 12.0\VC\bin\link.exe /ERRORREPORT:PROMPT /OUT:"C:\Users\User\Documents\GitHub\LSystem\LSystem\Debug\LSystem.exe" /INCREMENTAL /NOLOGO /LIBPATH:"C:\Users\User\Documents\GitHub\SFML-2.4.2\lib" "sfml-graphics.lib" "sfml-window.lib" "sfml-system.lib" kernel32.lib user32.lib gdi32.lib winspool.lib comdlg32.lib advapi32.lib shell32.lib ole32.lib oleaut32.lib uuid.lib odbc32.lib odbccp32.lib /MANIFEST /MANIFESTUAC:"level='asInvoker' uiAccess='false'" /manifest:embed /DEBUG /PDB:"C:\Users\User\Documents\GitHub\LSystem\LSystem\Debug\LSystem.pdb" /SUBSYSTEM:CONSOLE /TLBID:1 /DYNAMICBASE /NXCOMPAT /IMPLIB:"C:\Users\User\Documents\GitHub\LSystem\LSystem\Debug\LSystem.lib" /MACHINE:X86 Debug\main.obj
         Debug\Renderer.obj
         LSystem.vcxproj -> C:\Users\User\Documents\GitHub\LSystem\LSystem\Debug\LSystem.exe
     1>Done Building Project "C:\Users\User\Documents\GitHub\LSystem\LSystem\LSystem\LSystem.vcxproj" (Build target(s)).

Build succeeded.

Time Elapsed 00:00:01.69
